<?xml version="1.0" encoding="UTF-8"?>
<coverage generated="1683236718531" clover="3.2.0">
  <project timestamp="1683236718532" name="All files">
    <metrics statements="4" coveredstatements="4" conditionals="0" coveredconditionals="0" methods="2" coveredmethods="2" elements="6" coveredelements="6" complexity="0" loc="4" ncloc="4" packages="1" files="1" classes="1"/>
    <file name="test1.ts" path="/Users/jmileham/Documents/2023/UNI/SEM1/COS301/CAPSTONE/testing-cicd/tests/test1.ts">
      <metrics statements="4" coveredstatements="4" conditionals="0" coveredconditionals="0" methods="2" coveredmethods="2"/>
      <line num="2" count="1" type="stmt"/>
      <line num="3" count="1" type="stmt"/>
      <line num="6" count="1" type="stmt"/>
      <line num="7" count="1" type="stmt"/>
    </file>
  </project>
</coverage>
