{"/Users/jmileham/Documents/2023/UNI/SEM1/COS301/CAPSTONE/testing-cicd/tests/test1.ts": {"path":"/Users/jmileham/Documents/2023/UNI/SEM1/COS301/CAPSTONE/testing-cicd/tests/test1.ts","statementMap":{"0":{"start":{"line":3,"column":4},"end":{"line":3,"column":26}},"1":{"start":{"line":2,"column":0},"end":{"line":2,"column":16}},"2":{"start":{"line":7,"column":4},"end":{"line":7,"column":26}},"3":{"start":{"line":6,"column":0},"end":{"line":6,"column":16}}},"fnMap":{"0":{"name":"firstTest","decl":{"start":{"line":2,"column":16},"end":{"line":2,"column":25}},"loc":{"start":{"line":2,"column":25},"end":{"line":4,"column":1}}},"1":{"name":"secondTest","decl":{"start":{"line":6,"column":16},"end":{"line":6,"column":26}},"loc":{"start":{"line":6,"column":26},"end":{"line":8,"column":1}}}},"branchMap":{},"s":{"0":1,"1":1,"2":1,"3":1},"f":{"0":1,"1":1},"b":{}}
}
